C:\Users\Marc\Desktop\Zaku-Webserver\Zaku-Webserver\bin\Zaku-Webserver__x64Debug.exe
C:\Users\Marc\Desktop\Zaku-Webserver\Zaku-Webserver\bin\Zaku-Webserver__x64Debug.ilk
C:\Users\Marc\Desktop\Zaku-Webserver\Zaku-Webserver\bin\Zaku-Webserver__x64Debug.pdb
C:\Users\Marc\Desktop\Zaku-Webserver\Zaku-Webserver\build\Zaku-Webserver\x64Debug\cl.command.1.tlog
C:\Users\Marc\Desktop\Zaku-Webserver\Zaku-Webserver\build\Zaku-Webserver\x64Debug\CL.read.1.tlog
C:\Users\Marc\Desktop\Zaku-Webserver\Zaku-Webserver\build\Zaku-Webserver\x64Debug\CL.write.1.tlog
C:\Users\Marc\Desktop\Zaku-Webserver\Zaku-Webserver\build\Zaku-Webserver\x64Debug\IPAddr4.obj
C:\Users\Marc\Desktop\Zaku-Webserver\Zaku-Webserver\build\Zaku-Webserver\x64Debug\link.4880.read.1.tlog
C:\Users\Marc\Desktop\Zaku-Webserver\Zaku-Webserver\build\Zaku-Webserver\x64Debug\link.4880.write.1.tlog
C:\Users\Marc\Desktop\Zaku-Webserver\Zaku-Webserver\build\Zaku-Webserver\x64Debug\link.4880-cvtres.read.1.tlog
C:\Users\Marc\Desktop\Zaku-Webserver\Zaku-Webserver\build\Zaku-Webserver\x64Debug\link.4880-cvtres.write.1.tlog
C:\Users\Marc\Desktop\Zaku-Webserver\Zaku-Webserver\build\Zaku-Webserver\x64Debug\link.command.1.tlog
C:\Users\Marc\Desktop\Zaku-Webserver\Zaku-Webserver\build\Zaku-Webserver\x64Debug\link.read.1.tlog
C:\Users\Marc\Desktop\Zaku-Webserver\Zaku-Webserver\build\Zaku-Webserver\x64Debug\link.write.1.tlog
C:\Users\Marc\Desktop\Zaku-Webserver\Zaku-Webserver\build\Zaku-Webserver\x64Debug\link-cvtres.read.1.tlog
C:\Users\Marc\Desktop\Zaku-Webserver\Zaku-Webserver\build\Zaku-Webserver\x64Debug\link-cvtres.write.1.tlog
C:\Users\Marc\Desktop\Zaku-Webserver\Zaku-Webserver\build\Zaku-Webserver\x64Debug\mt.command.1.tlog
C:\Users\Marc\Desktop\Zaku-Webserver\Zaku-Webserver\build\Zaku-Webserver\x64Debug\mt.read.1.tlog
C:\Users\Marc\Desktop\Zaku-Webserver\Zaku-Webserver\build\Zaku-Webserver\x64Debug\mt.write.1.tlog
C:\Users\Marc\Desktop\Zaku-Webserver\Zaku-Webserver\build\Zaku-Webserver\x64Debug\rc.command.1.tlog
C:\Users\Marc\Desktop\Zaku-Webserver\Zaku-Webserver\build\Zaku-Webserver\x64Debug\rc.read.1.tlog
C:\Users\Marc\Desktop\Zaku-Webserver\Zaku-Webserver\build\Zaku-Webserver\x64Debug\rc.write.1.tlog
C:\Users\Marc\Desktop\Zaku-Webserver\Zaku-Webserver\build\Zaku-Webserver\x64Debug\stdafx.obj
C:\Users\Marc\Desktop\Zaku-Webserver\Zaku-Webserver\build\Zaku-Webserver\x64Debug\TCPSocket.obj
C:\Users\Marc\Desktop\Zaku-Webserver\Zaku-Webserver\build\Zaku-Webserver\x64Debug\vc100.idb
C:\Users\Marc\Desktop\Zaku-Webserver\Zaku-Webserver\build\Zaku-Webserver\x64Debug\vc100.pdb
C:\Users\Marc\Desktop\Zaku-Webserver\Zaku-Webserver\build\Zaku-Webserver\x64Debug\Zaku-Webserver.obj
C:\Users\Marc\Desktop\Zaku-Webserver\Zaku-Webserver\build\Zaku-Webserver\x64Debug\Zaku-Webserver.write.1.tlog
C:\Users\Marc\Desktop\Zaku-Webserver\Zaku-Webserver\build\Zaku-Webserver\x64Debug\Zaku-Webserver__x64Debug.exe.embed.manifest
C:\Users\Marc\Desktop\Zaku-Webserver\Zaku-Webserver\build\Zaku-Webserver\x64Debug\Zaku-Webserver__x64Debug.exe.embed.manifest.res
C:\Users\Marc\Desktop\Zaku-Webserver\Zaku-Webserver\build\Zaku-Webserver\x64Debug\Zaku-Webserver__x64Debug.exe.intermediate.manifest
C:\Users\Marc\Desktop\Zaku-Webserver\Zaku-Webserver\build\Zaku-Webserver\x64Debug\Zaku-Webserver__x64Debug.pch
C:\Users\Marc\Desktop\Zaku-Webserver\Zaku-Webserver\build\Zaku-Webserver\x64Debug\Zaku-Webserver__x64Debug_manifest.rc
D:\USERS\MARC\DOCUMENTS\VISUAL STUDIO 2010\PROJECTS\ZAKU-WEBSERVER\BIN\ZAKU-WEBSERVER__X64DEBUG.EXE
D:\USERS\MARC\DOCUMENTS\VISUAL STUDIO 2010\PROJECTS\ZAKU-WEBSERVER\BIN\ZAKU-WEBSERVER__X64DEBUG.ILK
D:\USERS\MARC\DOCUMENTS\VISUAL STUDIO 2010\PROJECTS\ZAKU-WEBSERVER\BIN\ZAKU-WEBSERVER__X64DEBUG.PDB
D:\USERS\MARC\DOCUMENTS\VISUAL STUDIO 2010\PROJECTS\ZAKU-WEBSERVER\BUILD\ZAKU-WEBSERVER\X64DEBUG\IPADDR4.OBJ
D:\USERS\MARC\DOCUMENTS\VISUAL STUDIO 2010\PROJECTS\ZAKU-WEBSERVER\BUILD\ZAKU-WEBSERVER\X64DEBUG\STDAFX.OBJ
D:\USERS\MARC\DOCUMENTS\VISUAL STUDIO 2010\PROJECTS\ZAKU-WEBSERVER\BUILD\ZAKU-WEBSERVER\X64DEBUG\TCPSOCKET.OBJ
D:\USERS\MARC\DOCUMENTS\VISUAL STUDIO 2010\PROJECTS\ZAKU-WEBSERVER\BUILD\ZAKU-WEBSERVER\X64DEBUG\VC100.PDB
D:\USERS\MARC\DOCUMENTS\VISUAL STUDIO 2010\PROJECTS\ZAKU-WEBSERVER\BUILD\ZAKU-WEBSERVER\X64DEBUG\ZAKU-WEBSERVER.OBJ
D:\USERS\MARC\DOCUMENTS\VISUAL STUDIO 2010\PROJECTS\ZAKU-WEBSERVER\BUILD\ZAKU-WEBSERVER\X64DEBUG\ZAKU-WEBSERVER__X64DEBUG.EXE.EMBED.MANIFEST
D:\USERS\MARC\DOCUMENTS\VISUAL STUDIO 2010\PROJECTS\ZAKU-WEBSERVER\BUILD\ZAKU-WEBSERVER\X64DEBUG\ZAKU-WEBSERVER__X64DEBUG.EXE.EMBED.MANIFEST.RES
D:\USERS\MARC\DOCUMENTS\VISUAL STUDIO 2010\PROJECTS\ZAKU-WEBSERVER\BUILD\ZAKU-WEBSERVER\X64DEBUG\ZAKU-WEBSERVER__X64DEBUG.EXE.INTERMEDIATE.MANIFEST
D:\USERS\MARC\DOCUMENTS\VISUAL STUDIO 2010\PROJECTS\ZAKU-WEBSERVER\BUILD\ZAKU-WEBSERVER\X64DEBUG\ZAKU-WEBSERVER__X64DEBUG.PCH
