Build started 1/3/2013 7:24:13 PM.
     1>Project "C:\Users\Marc\Desktop\Zaku-Webserver\Zaku-Webserver\Zaku-Webserver\Zaku-Webserver.vcxproj" on node 2 (build target(s)).
     1>InitializeBuildStatus:
         Creating "C:\Users\Marc\Desktop\Zaku-Webserver\Zaku-Webserver\build/Zaku-Webserver/x64Debug\Zaku-Webserver.unsuccessfulbuild" because "AlwaysCreate" was specified.
       ClCompile:
         All outputs are up-to-date.
         C:\Program Files (x86)\Microsoft Visual Studio 10.0\VC\bin\x86_amd64\CL.exe /c /Zi /nologo /W3 /WX- /Od /D WIN32 /D _DEBUG /D _CONSOLE /D _UNICODE /D UNICODE /Gm /EHsc /RTC1 /MTd /GS /fp:precise /Zc:wchar_t /Zc:forScope /Yu"StdAfx.h" /Fp"C:\Users\Marc\Desktop\Zaku-Webserver\Zaku-Webserver\build/Zaku-Webserver/x64Debug\Zaku-Webserver__x64Debug.pch" /Fo"C:\Users\Marc\Desktop\Zaku-Webserver\Zaku-Webserver\build/Zaku-Webserver/x64Debug\\" /Fd"C:\Users\Marc\Desktop\Zaku-Webserver\Zaku-Webserver\build/Zaku-Webserver/x64Debug\vc100.pdb" /Gd /TP /errorReport:prompt HTTPRequest.cpp
         HTTPRequest.cpp
       ManifestResourceCompile:
         All outputs are up-to-date.
       Link:
         C:\Program Files (x86)\Microsoft Visual Studio 10.0\VC\bin\x86_amd64\link.exe /ERRORREPORT:PROMPT /OUT:"C:\Users\Marc\Desktop\Zaku-Webserver\Zaku-Webserver\bin\Zaku-Webserver__x64Debug.exe" /INCREMENTAL /NOLOGO kernel32.lib user32.lib gdi32.lib winspool.lib comdlg32.lib advapi32.lib shell32.lib ole32.lib oleaut32.lib uuid.lib odbc32.lib odbccp32.lib /MANIFEST /ManifestFile:"C:\Users\Marc\Desktop\Zaku-Webserver\Zaku-Webserver\build/Zaku-Webserver/x64Debug\Zaku-Webserver__x64Debug.exe.intermediate.manifest" /MANIFESTUAC:"level='asInvoker' uiAccess='false'" /DEBUG /PDB:"C:\Users\Marc\Desktop\Zaku-Webserver\Zaku-Webserver\bin\Zaku-Webserver__x64Debug.pdb" /SUBSYSTEM:CONSOLE /TLBID:1 /DYNAMICBASE /NXCOMPAT /IMPLIB:"C:\Users\Marc\Desktop\Zaku-Webserver\Zaku-Webserver\bin\Zaku-Webserver__x64Debug.lib" /MACHINE:X64 "C:\Users\Marc\Desktop\Zaku-Webserver\Zaku-Webserver\build/Zaku-Webserver/x64Debug\Zaku-Webserver__x64Debug.exe.embed.manifest.res"
         "C:\Users\Marc\Desktop\Zaku-Webserver\Zaku-Webserver\build/Zaku-Webserver/x64Debug\HTTPRequest.obj"
         "C:\Users\Marc\Desktop\Zaku-Webserver\Zaku-Webserver\build/Zaku-Webserver/x64Debug\IPAddr4.obj"
         "C:\Users\Marc\Desktop\Zaku-Webserver\Zaku-Webserver\build/Zaku-Webserver/x64Debug\stdafx.obj"
         "C:\Users\Marc\Desktop\Zaku-Webserver\Zaku-Webserver\build/Zaku-Webserver/x64Debug\TCPSocket.obj"
         "C:\Users\Marc\Desktop\Zaku-Webserver\Zaku-Webserver\build/Zaku-Webserver/x64Debug\Zaku-Webserver.obj"
         Zaku-Webserver.vcxproj -> C:\Users\Marc\Desktop\Zaku-Webserver\Zaku-Webserver\bin\Zaku-Webserver__x64Debug.exe
       Manifest:
         C:\Program Files (x86)\Microsoft SDKs\Windows\v7.0A\bin\mt.exe /nologo /verbose /out:"C:\Users\Marc\Desktop\Zaku-Webserver\Zaku-Webserver\build/Zaku-Webserver/x64Debug\Zaku-Webserver__x64Debug.exe.embed.manifest" /manifest "C:\Users\Marc\Desktop\Zaku-Webserver\Zaku-Webserver\build/Zaku-Webserver/x64Debug\Zaku-Webserver__x64Debug.exe.intermediate.manifest"
         All outputs are up-to-date.
       LinkEmbedManifest:
         All outputs are up-to-date.
         Zaku-Webserver.vcxproj -> C:\Users\Marc\Desktop\Zaku-Webserver\Zaku-Webserver\bin\Zaku-Webserver__x64Debug.exe
       FinalizeBuildStatus:
         Deleting file "C:\Users\Marc\Desktop\Zaku-Webserver\Zaku-Webserver\build/Zaku-Webserver/x64Debug\Zaku-Webserver.unsuccessfulbuild".
         Touching "C:\Users\Marc\Desktop\Zaku-Webserver\Zaku-Webserver\build/Zaku-Webserver/x64Debug\Zaku-Webserver.lastbuildstate".
     1>Done Building Project "C:\Users\Marc\Desktop\Zaku-Webserver\Zaku-Webserver\Zaku-Webserver\Zaku-Webserver.vcxproj" (build target(s)).

Build succeeded.

Time Elapsed 00:00:00.65
