Build started 12/16/2012 2:35:08 PM.
     1>Project "d:\Users\Marc\documents\visual studio 2010\Projects\Zaku-Webserver\Zaku-Webserver\Zaku-Webserver.vcxproj" on node 2 (build target(s)).
     1>InitializeBuildStatus:
         Creating "x64\Debug\Zaku-Webserver.unsuccessfulbuild" because "AlwaysCreate" was specified.
       ClCompile:
         All outputs are up-to-date.
         C:\Program Files (x86)\Microsoft Visual Studio 10.0\VC\bin\x86_amd64\CL.exe /c /Zi /nologo /W3 /WX- /Od /D WIN32 /D _DEBUG /D _CONSOLE /D _UNICODE /D UNICODE /Gm /EHsc /RTC1 /MTd /GS /fp:precise /Zc:wchar_t /Zc:forScope /Yu"StdAfx.h" /Fp"x64\Debug\Zaku-Webserver.pch" /Fo"x64\Debug\\" /Fd"x64\Debug\vc100.pdb" /Gd /TP /errorReport:prompt "Zaku-Webserver.cpp"
         Zaku-Webserver.cpp
       ManifestResourceCompile:
         All outputs are up-to-date.
       Link:
         C:\Program Files (x86)\Microsoft Visual Studio 10.0\VC\bin\x86_amd64\link.exe /ERRORREPORT:PROMPT /OUT:"d:\users\marc\documents\visual studio 2010\Projects\Zaku-Webserver\x64\Debug\Zaku-Webserver.exe" /INCREMENTAL /NOLOGO kernel32.lib user32.lib gdi32.lib winspool.lib comdlg32.lib advapi32.lib shell32.lib ole32.lib oleaut32.lib uuid.lib odbc32.lib odbccp32.lib /MANIFEST /ManifestFile:"x64\Debug\Zaku-Webserver.exe.intermediate.manifest" /MANIFESTUAC:"level='asInvoker' uiAccess='false'" /DEBUG /PDB:"d:\users\marc\documents\visual studio 2010\Projects\Zaku-Webserver\x64\Debug\Zaku-Webserver.pdb" /SUBSYSTEM:CONSOLE /TLBID:1 /DYNAMICBASE /NXCOMPAT /IMPLIB:"d:\users\marc\documents\visual studio 2010\Projects\Zaku-Webserver\x64\Debug\Zaku-Webserver.lib" /MACHINE:X64 "x64\Debug\Zaku-Webserver.exe.embed.manifest.res"
         x64\Debug\IPAddr4.obj
         x64\Debug\stdafx.obj
         x64\Debug\TCPSocket.obj
         "x64\Debug\Zaku-Webserver.obj"
         Zaku-Webserver.vcxproj -> d:\users\marc\documents\visual studio 2010\Projects\Zaku-Webserver\x64\Debug\Zaku-Webserver.exe
       Manifest:
         C:\Program Files (x86)\Microsoft SDKs\Windows\v7.0A\bin\mt.exe /nologo /verbose /out:"x64\Debug\Zaku-Webserver.exe.embed.manifest" /manifest "x64\Debug\Zaku-Webserver.exe.intermediate.manifest"
         All outputs are up-to-date.
       LinkEmbedManifest:
         All outputs are up-to-date.
         Zaku-Webserver.vcxproj -> d:\users\marc\documents\visual studio 2010\Projects\Zaku-Webserver\x64\Debug\Zaku-Webserver.exe
       FinalizeBuildStatus:
         Deleting file "x64\Debug\Zaku-Webserver.unsuccessfulbuild".
         Touching "x64\Debug\Zaku-Webserver.lastbuildstate".
     1>Done Building Project "d:\Users\Marc\documents\visual studio 2010\Projects\Zaku-Webserver\Zaku-Webserver\Zaku-Webserver.vcxproj" (build target(s)).

Build succeeded.

Time Elapsed 00:00:07.78
