Build started 12/16/2012 2:50:47 PM.
     1>Project "C:\Users\Marc\Desktop\Zaku-Webserver\Zaku-Webserver\Zaku-Webserver\Zaku-Webserver.vcxproj" on node 2 (build target(s)).
     1>InitializeBuildStatus:
         Creating "C:\Users\Marc\Desktop\Zaku-Webserver\Zaku-Webserver\build/Zaku-Webserver/x64Release\Zaku-Webserver.unsuccessfulbuild" because "AlwaysCreate" was specified.
       ClCompile:
         C:\Program Files (x86)\Microsoft Visual Studio 10.0\VC\bin\x86_amd64\CL.exe /c /Zi /nologo /W3 /WX- /O2 /Oi /GL /D WIN32 /D NDEBUG /D _CONSOLE /D _UNICODE /D UNICODE /Gm- /EHsc /MT /GS /Gy /fp:precise /Zc:wchar_t /Zc:forScope /Yc"StdAfx.h" /Fp"C:\Users\Marc\Desktop\Zaku-Webserver\Zaku-Webserver\build/Zaku-Webserver/x64Release\Zaku-Webserver__x64Release.pch" /Fo"C:\Users\Marc\Desktop\Zaku-Webserver\Zaku-Webserver\build/Zaku-Webserver/x64Release\\" /Fd"C:\Users\Marc\Desktop\Zaku-Webserver\Zaku-Webserver\build/Zaku-Webserver/x64Release\vc100.pdb" /Gd /TP /errorReport:prompt stdafx.cpp
         stdafx.cpp
         C:\Program Files (x86)\Microsoft Visual Studio 10.0\VC\bin\x86_amd64\CL.exe /c /Zi /nologo /W3 /WX- /O2 /Oi /GL /D WIN32 /D NDEBUG /D _CONSOLE /D _UNICODE /D UNICODE /Gm- /EHsc /MT /GS /Gy /fp:precise /Zc:wchar_t /Zc:forScope /Yu"StdAfx.h" /Fp"C:\Users\Marc\Desktop\Zaku-Webserver\Zaku-Webserver\build/Zaku-Webserver/x64Release\Zaku-Webserver__x64Release.pch" /Fo"C:\Users\Marc\Desktop\Zaku-Webserver\Zaku-Webserver\build/Zaku-Webserver/x64Release\\" /Fd"C:\Users\Marc\Desktop\Zaku-Webserver\Zaku-Webserver\build/Zaku-Webserver/x64Release\vc100.pdb" /Gd /TP /errorReport:prompt IPAddr4.cpp TCPSocket.cpp "Zaku-Webserver.cpp"
         IPAddr4.cpp
         TCPSocket.cpp
         Zaku-Webserver.cpp
       Link:
         C:\Program Files (x86)\Microsoft Visual Studio 10.0\VC\bin\x86_amd64\link.exe /ERRORREPORT:PROMPT /OUT:"C:\Users\Marc\Desktop\Zaku-Webserver\Zaku-Webserver\bin\Zaku-Webserver__x64Release.exe" /INCREMENTAL:NO /NOLOGO kernel32.lib user32.lib gdi32.lib winspool.lib comdlg32.lib advapi32.lib shell32.lib ole32.lib oleaut32.lib uuid.lib odbc32.lib odbccp32.lib /MANIFEST /ManifestFile:"C:\Users\Marc\Desktop\Zaku-Webserver\Zaku-Webserver\build/Zaku-Webserver/x64Release\Zaku-Webserver__x64Release.exe.intermediate.manifest" /MANIFESTUAC:"level='asInvoker' uiAccess='false'" /DEBUG /PDB:"C:\Users\Marc\Desktop\Zaku-Webserver\Zaku-Webserver\bin\Zaku-Webserver__x64Release.pdb" /SUBSYSTEM:CONSOLE /OPT:REF /OPT:ICF /LTCG /TLBID:1 /DYNAMICBASE /NXCOMPAT /IMPLIB:"C:\Users\Marc\Desktop\Zaku-Webserver\Zaku-Webserver\bin\Zaku-Webserver__x64Release.lib" /MACHINE:X64 "C:\Users\Marc\Desktop\Zaku-Webserver\Zaku-Webserver\build/Zaku-Webserver/x64Release\IPAddr4.obj"
         "C:\Users\Marc\Desktop\Zaku-Webserver\Zaku-Webserver\build/Zaku-Webserver/x64Release\stdafx.obj"
         "C:\Users\Marc\Desktop\Zaku-Webserver\Zaku-Webserver\build/Zaku-Webserver/x64Release\TCPSocket.obj"
         "C:\Users\Marc\Desktop\Zaku-Webserver\Zaku-Webserver\build/Zaku-Webserver/x64Release\Zaku-Webserver.obj"
         Generating code
         Finished generating code
         Zaku-Webserver.vcxproj -> C:\Users\Marc\Desktop\Zaku-Webserver\Zaku-Webserver\bin\Zaku-Webserver__x64Release.exe
       Manifest:
         C:\Program Files (x86)\Microsoft SDKs\Windows\v7.0A\bin\mt.exe /nologo /verbose /outputresource:"C:\Users\Marc\Desktop\Zaku-Webserver\Zaku-Webserver\bin\Zaku-Webserver__x64Release.exe;#1" /manifest "C:\Users\Marc\Desktop\Zaku-Webserver\Zaku-Webserver\build/Zaku-Webserver/x64Release\Zaku-Webserver__x64Release.exe.intermediate.manifest"
       FinalizeBuildStatus:
         Deleting file "C:\Users\Marc\Desktop\Zaku-Webserver\Zaku-Webserver\build/Zaku-Webserver/x64Release\Zaku-Webserver.unsuccessfulbuild".
         Touching "C:\Users\Marc\Desktop\Zaku-Webserver\Zaku-Webserver\build/Zaku-Webserver/x64Release\Zaku-Webserver.lastbuildstate".
     1>Done Building Project "C:\Users\Marc\Desktop\Zaku-Webserver\Zaku-Webserver\Zaku-Webserver\Zaku-Webserver.vcxproj" (build target(s)).

Build succeeded.

Time Elapsed 00:00:02.06
